2026-02-08 17:04:24 INFO  com.revconnect.RevConnectApp - 🚀 RevConnect Application Starting...
2026-02-08 17:04:24 INFO  com.revconnect.RevConnectApp - Test log entry to file
2026-02-10 10:44:43 INFO  com.revconnect.RevConnectApp - 🚀 RevConnect Application Starting...
2026-02-10 10:44:48 INFO  com.revconnect.RevConnectApp - Registration attempt started
2026-02-10 10:45:19 INFO  com.revconnect.RevConnectApp - Login attempt
2026-02-10 10:45:24 INFO  com.revconnect.RevConnectApp - User logged in successfully: abc
2026-02-10 11:59:20 INFO  com.revconnect.RevConnectApp - 🚀 RevConnect Application Starting...
2026-02-10 11:59:26 INFO  com.revconnect.RevConnectApp - Registration attempt started
2026-02-10 12:00:02 INFO  com.revconnect.RevConnectApp - User registered successfully: nav@gmail.com
2026-02-10 12:03:10 INFO  com.revconnect.RevConnectApp - 🚀 RevConnect Application Starting...
2026-02-10 12:03:16 INFO  com.revconnect.RevConnectApp - Registration attempt started
2026-02-10 12:03:26 WARN  com.revconnect.RevConnectApp - Registration failed: Password too short
2026-02-10 12:03:36 INFO  com.revconnect.RevConnectApp - Registration attempt started
2026-02-10 12:04:14 ERROR com.revconnect.RevConnectApp - Registration failed for email: nav@gmail.com
2026-02-10 12:13:48 INFO  com.revconnect.RevConnectApp - 🚀 RevConnect Application Starting...
2026-02-10 13:34:30 INFO  com.revconnect.RevConnectApp - 🚀 RevConnect Application Starting...
2026-02-10 13:34:33 INFO  com.revconnect.RevConnectApp - Registration attempt started
2026-02-10 13:35:03 INFO  com.revconnect.RevConnectApp - User registered successfully: naveen@gmail.com
2026-02-10 13:35:13 INFO  com.revconnect.RevConnectApp - Login attempt
2026-02-10 13:35:25 INFO  com.revconnect.RevConnectApp - User logged in successfully: naveen
2026-02-10 13:42:30 INFO  com.revconnect.RevConnectApp - 🚀 RevConnect Application Starting...
2026-02-10 13:42:37 INFO  com.revconnect.RevConnectApp - Registration attempt started
2026-02-10 13:43:00 ERROR com.revconnect.RevConnectApp - Registration failed for email: naveen
2026-02-10 13:43:14 INFO  com.revconnect.RevConnectApp - Login attempt
2026-02-10 13:43:24 INFO  com.revconnect.RevConnectApp - User logged in successfully: naveen
2026-02-10 13:47:48 INFO  com.revconnect.RevConnectApp - Registration attempt started
2026-02-10 13:48:06 WARN  com.revconnect.RevConnectApp - Registration failed: Password too short
2026-02-10 13:48:18 INFO  com.revconnect.RevConnectApp - Registration attempt started
2026-02-10 13:48:48 ERROR com.revconnect.RevConnectApp - Registration failed for email: manoj@gmail.com
2026-02-10 13:49:04 INFO  com.revconnect.RevConnectApp - Login attempt
2026-02-10 13:49:13 WARN  com.revconnect.RevConnectApp - Failed login attempt for: nb
2026-02-10 13:49:15 INFO  com.revconnect.RevConnectApp - Login attempt
2026-02-10 13:49:18 WARN  com.revconnect.RevConnectApp - Failed login attempt for: mb
2026-02-10 13:49:21 INFO  com.revconnect.RevConnectApp - Registration attempt started
2026-02-10 13:49:49 INFO  com.revconnect.RevConnectApp - User registered successfully: manoj@gmail.com
2026-02-10 13:49:54 INFO  com.revconnect.RevConnectApp - Login attempt
2026-02-10 13:50:02 INFO  com.revconnect.RevConnectApp - User logged in successfully: manoj
2026-02-10 13:55:26 INFO  com.revconnect.RevConnectApp - Login attempt
2026-02-10 13:55:34 INFO  com.revconnect.RevConnectApp - User logged in successfully: naveen
2026-02-10 13:57:42 INFO  com.revconnect.RevConnectApp - Login attempt
2026-02-10 13:57:50 INFO  com.revconnect.RevConnectApp - User logged in successfully: manoj
2026-02-10 13:58:33 INFO  com.revconnect.RevConnectApp - Registration attempt started
2026-02-10 13:58:50 WARN  com.revconnect.RevConnectApp - Registration failed: Password too short
2026-02-10 13:58:52 INFO  com.revconnect.RevConnectApp - Login attempt
2026-02-10 13:58:59 INFO  com.revconnect.RevConnectApp - User logged in successfully: naveen
2026-02-10 14:49:27 INFO  com.revconnect.RevConnectApp - Login attempt
2026-02-10 14:49:34 INFO  com.revconnect.RevConnectApp - User logged in successfully: manoj
2026-02-10 15:37:02 INFO  com.revconnect.RevConnectApp - Login attempt
2026-02-10 15:37:14 INFO  com.revconnect.RevConnectApp - User logged in successfully: naveen
2026-02-10 16:22:25 INFO  com.revconnect.RevConnectApp - 🚀 RevConnect Application Starting...
2026-02-10 16:23:08 INFO  com.revconnect.RevConnectApp - Login attempt
2026-02-10 16:23:15 INFO  com.revconnect.RevConnectApp - User logged in successfully: naveen
2026-02-10 16:30:37 INFO  com.revconnect.RevConnectApp - Registration attempt started
2026-02-10 16:31:15 INFO  com.revconnect.RevConnectApp - 🚀 RevConnect Application Starting...
2026-02-10 16:31:21 INFO  com.revconnect.RevConnectApp - Registration attempt started
2026-02-10 16:33:12 INFO  com.revconnect.RevConnectApp - User registered successfully: sai@gmail.com
2026-02-10 16:33:41 INFO  com.revconnect.RevConnectApp - 🚀 RevConnect Application Starting...
2026-02-10 16:47:32 INFO  com.revconnect.RevConnectApp - Registration attempt started
2026-02-10 16:48:06 WARN  com.revconnect.RevConnectApp - Registration failed: Password too short
2026-02-10 16:48:17 INFO  com.revconnect.RevConnectApp - Registration attempt started
2026-02-10 16:48:55 INFO  com.revconnect.RevConnectApp - User registered successfully: suhan@gmail.com
2026-02-10 16:48:58 INFO  com.revconnect.RevConnectApp - Login attempt
2026-02-10 16:49:08 INFO  com.revconnect.RevConnectApp - User logged in successfully: suhan
2026-02-10 16:50:11 INFO  com.revconnect.RevConnectApp - Login attempt
2026-02-10 16:50:42 INFO  com.revconnect.RevConnectApp - User logged in successfully: naveen
